[Sun Oct 24 18:32:54.058790 2021] [ssl:error] [pid 17417] [client 112.215.65.146:30217] AH02261: Re-negotiation handshake failed
[Tue Oct 26 01:41:43.001046 2021] [ssl:error] [pid 17416] [client 167.71.13.196:15948] AH02259: insecure SSL re-negotiation required, but a pipelined request is present; keepalive disabled
[Tue Oct 26 01:41:43.233509 2021] [ssl:error] [pid 17416] [client 167.71.13.196:15948] AH02261: Re-negotiation handshake failed
[Tue Oct 26 01:41:43.233562 2021] [ssl:error] [pid 17416] SSL Library Error: error:14094153:SSL routines:ssl3_read_bytes:no renegotiation
[Tue Oct 26 01:41:45.016939 2021] [ssl:error] [pid 17414] [client 167.71.13.196:18690] AH02259: insecure SSL re-negotiation required, but a pipelined request is present; keepalive disabled
[Tue Oct 26 01:41:45.336766 2021] [ssl:error] [pid 17414] [client 167.71.13.196:18690] AH02261: Re-negotiation handshake failed
[Tue Oct 26 01:41:45.336830 2021] [ssl:error] [pid 17414] SSL Library Error: error:14094153:SSL routines:ssl3_read_bytes:no renegotiation
[Wed Oct 27 13:53:30.760934 2021] [ssl:error] [pid 2042] [client 36.57.64.205:38356] AH02261: Re-negotiation handshake failed
[Wed Oct 27 14:15:12.775313 2021] [ssl:error] [pid 2098] [client 209.141.51.222:32850] AH02261: Re-negotiation handshake failed
[Wed Oct 27 14:15:12.775373 2021] [ssl:error] [pid 2098] SSL Library Error: error:14094153:SSL routines:ssl3_read_bytes:no renegotiation
[Thu Oct 28 12:11:04.965061 2021] [ssl:error] [pid 2041] [client 3.25.68.160:51782] AH02261: Re-negotiation handshake failed, referer: http://www.radmed.co.id/wp-login.php
[Thu Oct 28 12:11:04.965108 2021] [ssl:error] [pid 2041] SSL Library Error: error:14094153:SSL routines:ssl3_read_bytes:no renegotiation
[Thu Oct 28 12:11:04.973835 2021] [ssl:error] [pid 16289] [client 3.25.68.160:51780] AH02261: Re-negotiation handshake failed, referer: http://www.radmed.co.id/wp-login.php
[Thu Oct 28 12:11:04.973901 2021] [ssl:error] [pid 16289] SSL Library Error: error:14094153:SSL routines:ssl3_read_bytes:no renegotiation
[Thu Oct 28 21:05:11.486969 2021] [ssl:emerg] [pid 3025] AH01910: Oops, no RSA, DSA or ECC server certificate found for 'www.radmed.co.id:0'?!
[Thu Oct 28 21:05:11.539664 2021] [ssl:emerg] [pid 3463] AH01910: Oops, no RSA, DSA or ECC server certificate found for 'www.radmed.co.id:0'?!
[Thu Oct 28 21:05:11.641107 2021] [ssl:emerg] [pid 3481] AH01910: Oops, no RSA, DSA or ECC server certificate found for 'www.radmed.co.id:0'?!
[Thu Oct 28 21:05:31.227513 2021] [ssl:emerg] [pid 3550] AH01910: Oops, no RSA, DSA or ECC server certificate found for 'www.radmed.co.id:0'?!
[Thu Oct 28 21:05:31.324735 2021] [ssl:emerg] [pid 3568] AH01910: Oops, no RSA, DSA or ECC server certificate found for 'www.radmed.co.id:0'?!
[Thu Oct 28 21:08:17.963890 2021] [ssl:emerg] [pid 3840] AH01910: Oops, no RSA, DSA or ECC server certificate found for 'www.radmed.co.id:0'?!
[Thu Oct 28 21:08:18.062281 2021] [ssl:emerg] [pid 3858] AH01910: Oops, no RSA, DSA or ECC server certificate found for 'www.radmed.co.id:0'?!
[Thu Oct 28 21:21:39.505629 2021] [ssl:emerg] [pid 4986] AH01910: Oops, no RSA, DSA or ECC server certificate found for 'www.radmed.co.id:0'?!
[Thu Oct 28 21:21:39.604210 2021] [ssl:emerg] [pid 5004] AH01910: Oops, no RSA, DSA or ECC server certificate found for 'www.radmed.co.id:0'?!
[Thu Oct 28 21:22:07.882808 2021] [ssl:emerg] [pid 5056] AH01910: Oops, no RSA, DSA or ECC server certificate found for 'www.radmed.co.id:0'?!
[Thu Oct 28 21:23:42.636301 2021] [ssl:emerg] [pid 5262] AH01910: Oops, no RSA, DSA or ECC server certificate found for 'www.radmed.co.id:0'?!
[Thu Oct 28 21:24:31.046249 2021] [ssl:emerg] [pid 464] AH01910: Oops, no RSA, DSA or ECC server certificate found for 'www.radmed.co.id:0'?!
[Thu Oct 28 21:26:23.856357 2021] [ssl:emerg] [pid 1079] AH01910: Oops, no RSA, DSA or ECC server certificate found for 'www.radmed.co.id:0'?!
[Thu Oct 28 22:13:32.411702 2021] [ssl:warn] [pid 3688] AH01906: RSA server certificate is a CA certificate (BasicConstraints: CA == TRUE !?)
[Thu Oct 28 22:13:32.411742 2021] [ssl:warn] [pid 3688] AH01909: RSA certificate configured for radmed.co.id:443 does NOT include an ID which matches the server name
[Thu Oct 28 22:13:32.411761 2021] [ssl:emerg] [pid 3688] AH02238: Unable to configure RSA server private key
[Thu Oct 28 22:13:32.411781 2021] [ssl:emerg] [pid 3688] SSL Library Error: error:0B080074:x509 certificate routines:X509_check_private_key:key values mismatch
[Thu Oct 28 22:13:44.220868 2021] [ssl:warn] [pid 3712] AH01906: RSA server certificate is a CA certificate (BasicConstraints: CA == TRUE !?)
[Thu Oct 28 22:13:44.220890 2021] [ssl:warn] [pid 3712] AH01909: RSA certificate configured for radmed.co.id:443 does NOT include an ID which matches the server name
[Thu Oct 28 22:13:44.220897 2021] [ssl:emerg] [pid 3712] AH02238: Unable to configure RSA server private key
[Thu Oct 28 22:13:44.220911 2021] [ssl:emerg] [pid 3712] SSL Library Error: error:0B080074:x509 certificate routines:X509_check_private_key:key values mismatch
[Thu Oct 28 22:18:15.172886 2021] [ssl:warn] [pid 3893] AH01906: RSA server certificate is a CA certificate (BasicConstraints: CA == TRUE !?)
[Thu Oct 28 22:18:15.172923 2021] [ssl:warn] [pid 3893] AH01909: RSA certificate configured for radmed.co.id:443 does NOT include an ID which matches the server name
[Thu Oct 28 22:18:15.172935 2021] [ssl:emerg] [pid 3893] AH02238: Unable to configure RSA server private key
[Thu Oct 28 22:18:15.172955 2021] [ssl:emerg] [pid 3893] SSL Library Error: error:0B080074:x509 certificate routines:X509_check_private_key:key values mismatch
[Thu Oct 28 22:19:18.743439 2021] [ssl:warn] [pid 3945] AH01906: RSA server certificate is a CA certificate (BasicConstraints: CA == TRUE !?)
[Thu Oct 28 22:19:18.743469 2021] [ssl:warn] [pid 3945] AH01909: RSA certificate configured for radmed.co.id:443 does NOT include an ID which matches the server name
[Thu Oct 28 22:19:18.743479 2021] [ssl:emerg] [pid 3945] AH02238: Unable to configure RSA server private key
[Thu Oct 28 22:19:18.743492 2021] [ssl:emerg] [pid 3945] SSL Library Error: error:0B080074:x509 certificate routines:X509_check_private_key:key values mismatch
[Thu Oct 28 22:21:57.041458 2021] [ssl:warn] [pid 4089] AH01906: RSA server certificate is a CA certificate (BasicConstraints: CA == TRUE !?)
[Thu Oct 28 22:21:57.041485 2021] [ssl:warn] [pid 4089] AH01909: RSA certificate configured for radmed.co.id:443 does NOT include an ID which matches the server name
[Thu Oct 28 22:21:57.041494 2021] [ssl:emerg] [pid 4089] AH02238: Unable to configure RSA server private key
[Thu Oct 28 22:21:57.041507 2021] [ssl:emerg] [pid 4089] SSL Library Error: error:0B080074:x509 certificate routines:X509_check_private_key:key values mismatch
[Fri Oct 29 10:18:51.608523 2021] [ssl:warn] [pid 20627] AH01906: RSA server certificate is a CA certificate (BasicConstraints: CA == TRUE !?)
[Fri Oct 29 10:18:51.608545 2021] [ssl:warn] [pid 20627] AH01909: RSA certificate configured for radmed.co.id:443 does NOT include an ID which matches the server name
[Fri Oct 29 10:18:51.608552 2021] [ssl:emerg] [pid 20627] AH02238: Unable to configure RSA server private key
[Fri Oct 29 10:18:51.608562 2021] [ssl:emerg] [pid 20627] SSL Library Error: error:0B080074:x509 certificate routines:X509_check_private_key:key values mismatch
[Fri Oct 29 10:27:16.215664 2021] [ssl:warn] [pid 1542] AH01906: RSA server certificate is a CA certificate (BasicConstraints: CA == TRUE !?)
[Fri Oct 29 10:27:16.215817 2021] [ssl:warn] [pid 1542] AH01909: RSA certificate configured for radmed.co.id:443 does NOT include an ID which matches the server name
[Fri Oct 29 10:27:16.215828 2021] [ssl:emerg] [pid 1542] AH02238: Unable to configure RSA server private key
[Fri Oct 29 10:27:16.216034 2021] [ssl:emerg] [pid 1542] SSL Library Error: error:0B080074:x509 certificate routines:X509_check_private_key:key values mismatch
[Fri Oct 29 10:29:53.298448 2021] [ssl:warn] [pid 1631] AH01906: RSA server certificate is a CA certificate (BasicConstraints: CA == TRUE !?)
[Fri Oct 29 10:29:53.298488 2021] [ssl:warn] [pid 1631] AH01909: RSA certificate configured for radmed.co.id:443 does NOT include an ID which matches the server name
[Fri Oct 29 10:29:53.298513 2021] [ssl:emerg] [pid 1631] AH02238: Unable to configure RSA server private key
[Fri Oct 29 10:29:53.298526 2021] [ssl:emerg] [pid 1631] SSL Library Error: error:0B080074:x509 certificate routines:X509_check_private_key:key values mismatch
[Fri Oct 29 10:53:56.509648 2021] [ssl:warn] [pid 3673] AH01906: RSA server certificate is a CA certificate (BasicConstraints: CA == TRUE !?)
[Fri Oct 29 10:53:56.509668 2021] [ssl:warn] [pid 3673] AH01909: RSA certificate configured for radmed.co.id:443 does NOT include an ID which matches the server name
[Fri Oct 29 10:53:56.509675 2021] [ssl:emerg] [pid 3673] AH02238: Unable to configure RSA server private key
[Fri Oct 29 10:53:56.509686 2021] [ssl:emerg] [pid 3673] SSL Library Error: error:0B080074:x509 certificate routines:X509_check_private_key:key values mismatch
[Fri Oct 29 10:56:17.311852 2021] [ssl:warn] [pid 4189] AH01906: RSA server certificate is a CA certificate (BasicConstraints: CA == TRUE !?)
[Fri Oct 29 10:56:17.311875 2021] [ssl:warn] [pid 4189] AH01909: RSA certificate configured for radmed.co.id:443 does NOT include an ID which matches the server name
[Fri Oct 29 10:56:17.311882 2021] [ssl:emerg] [pid 4189] AH02238: Unable to configure RSA server private key
[Fri Oct 29 10:56:17.311901 2021] [ssl:emerg] [pid 4189] SSL Library Error: error:0B080074:x509 certificate routines:X509_check_private_key:key values mismatch
[Fri Oct 29 15:22:15.585157 2021] [ssl:emerg] [pid 10591] AH01910: Oops, no RSA, DSA or ECC server certificate found for 'www.radmed.co.id:0'?!
[Fri Oct 29 15:22:45.227975 2021] [ssl:emerg] [pid 10609] AH01910: Oops, no RSA, DSA or ECC server certificate found for 'www.radmed.co.id:0'?!
[Fri Oct 29 15:22:45.297325 2021] [ssl:emerg] [pid 10686] AH01910: Oops, no RSA, DSA or ECC server certificate found for 'www.radmed.co.id:0'?!
[Fri Oct 29 15:54:14.007161 2021] [ssl:warn] [pid 14208] AH01909: RSA certificate configured for www.radmed.co.id:443 does NOT include an ID which matches the server name
[Fri Oct 29 15:54:14.027070 2021] [ssl:warn] [pid 14208] AH01909: RSA certificate configured for www.radmed.co.id:443 does NOT include an ID which matches the server name
[Fri Oct 29 15:54:14.221203 2021] [ssl:warn] [pid 14208] AH01909: RSA certificate configured for www.radmed.co.id:443 does NOT include an ID which matches the server name
[Fri Oct 29 15:55:13.582738 2021] [ssl:warn] [pid 14281] AH01909: RSA certificate configured for www.radmed.co.id:443 does NOT include an ID which matches the server name
[Fri Oct 29 15:55:13.604619 2021] [ssl:warn] [pid 14281] AH01909: RSA certificate configured for www.radmed.co.id:443 does NOT include an ID which matches the server name
[Fri Oct 29 16:05:38.383527 2021] [ssl:warn] [pid 15857] AH01909: RSA certificate configured for www.radmed.co.id:443 does NOT include an ID which matches the server name
[Fri Oct 29 16:05:38.404728 2021] [ssl:warn] [pid 15857] AH01909: RSA certificate configured for www.radmed.co.id:443 does NOT include an ID which matches the server name
[Fri Oct 29 16:07:05.002008 2021] [ssl:warn] [pid 16385] AH01909: RSA certificate configured for www.radmed.co.id:443 does NOT include an ID which matches the server name
[Fri Oct 29 16:07:05.023534 2021] [ssl:warn] [pid 16385] AH01909: RSA certificate configured for www.radmed.co.id:443 does NOT include an ID which matches the server name
[Sat Dec 18 23:19:35.269194 2021] [ssl:warn] [pid 12439] AH01909: RSA certificate configured for ip-172-31-17-11.ap-southeast-1.compute.internal:8443 does NOT include an ID which matches the server name
[Sat Dec 18 23:19:35.293279 2021] [ssl:warn] [pid 12439] AH01909: RSA certificate configured for ip-172-31-17-11.ap-southeast-1.compute.internal:8443 does NOT include an ID which matches the server name
[Sun Dec 26 03:37:01.194005 2021] [ssl:warn] [pid 12439] AH01909: RSA certificate configured for ip-172-31-17-11.ap-southeast-1.compute.internal:8443 does NOT include an ID which matches the server name
[Sun Jan 02 03:18:01.609844 2022] [ssl:warn] [pid 12439] AH01909: RSA certificate configured for ip-172-31-17-11.ap-southeast-1.compute.internal:8443 does NOT include an ID which matches the server name
[Tue Jan 04 17:11:20.242772 2022] [ssl:warn] [pid 9912] AH01909: RSA certificate configured for ip-172-31-17-11.ap-southeast-1.compute.internal:8443 does NOT include an ID which matches the server name
[Tue Jan 04 17:11:20.269924 2022] [ssl:warn] [pid 9912] AH01909: RSA certificate configured for ip-172-31-17-11.ap-southeast-1.compute.internal:8443 does NOT include an ID which matches the server name
[Tue Jan 04 17:12:37.429301 2022] [ssl:warn] [pid 10005] AH01909: RSA certificate configured for ip-172-31-17-11.ap-southeast-1.compute.internal:8443 does NOT include an ID which matches the server name
[Tue Jan 04 17:12:37.453336 2022] [ssl:warn] [pid 10005] AH01909: RSA certificate configured for ip-172-31-17-11.ap-southeast-1.compute.internal:8443 does NOT include an ID which matches the server name
[Thu Jan 06 13:44:49.201365 2022] [ssl:warn] [pid 18241] AH01909: RSA certificate configured for ip-172-31-17-11.ap-southeast-1.compute.internal:8443 does NOT include an ID which matches the server name
[Thu Jan 06 13:44:49.225596 2022] [ssl:warn] [pid 18241] AH01909: RSA certificate configured for ip-172-31-17-11.ap-southeast-1.compute.internal:8443 does NOT include an ID which matches the server name
[Sun Jan 09 03:28:01.710820 2022] [ssl:warn] [pid 18241] AH01909: RSA certificate configured for ip-172-31-17-11.ap-southeast-1.compute.internal:8443 does NOT include an ID which matches the server name
[Sat Jan 15 18:02:19.872969 2022] [ssl:warn] [pid 18303] AH01909: RSA certificate configured for ip-172-31-17-11.ap-southeast-1.compute.internal:8443 does NOT include an ID which matches the server name
[Sat Jan 15 18:02:19.897713 2022] [ssl:warn] [pid 18303] AH01909: RSA certificate configured for ip-172-31-17-11.ap-southeast-1.compute.internal:8443 does NOT include an ID which matches the server name
[Sat Jan 15 18:09:31.228777 2022] [ssl:warn] [pid 19104] AH01909: RSA certificate configured for ip-172-31-17-11.ap-southeast-1.compute.internal:8443 does NOT include an ID which matches the server name
[Sat Jan 15 18:09:31.253527 2022] [ssl:warn] [pid 19104] AH01909: RSA certificate configured for ip-172-31-17-11.ap-southeast-1.compute.internal:8443 does NOT include an ID which matches the server name
[Sat Jan 15 18:11:04.234156 2022] [ssl:warn] [pid 19318] AH01909: RSA certificate configured for ip-172-31-17-11.ap-southeast-1.compute.internal:8443 does NOT include an ID which matches the server name
[Sat Jan 15 18:11:04.259107 2022] [ssl:warn] [pid 19318] AH01909: RSA certificate configured for ip-172-31-17-11.ap-southeast-1.compute.internal:8443 does NOT include an ID which matches the server name
[Sun Jan 16 03:26:01.204968 2022] [ssl:warn] [pid 19318] AH01909: RSA certificate configured for ip-172-31-17-11.ap-southeast-1.compute.internal:8443 does NOT include an ID which matches the server name
[Sun Jan 23 03:17:01.514762 2022] [ssl:warn] [pid 19318] AH01909: RSA certificate configured for ip-172-31-17-11.ap-southeast-1.compute.internal:8443 does NOT include an ID which matches the server name
[Sat Jan 29 21:56:39.140666 2022] [ssl:warn] [pid 12859] AH01909: RSA certificate configured for ip-172-31-17-11.ap-southeast-1.compute.internal:8443 does NOT include an ID which matches the server name
[Sat Jan 29 21:56:39.164995 2022] [ssl:warn] [pid 12859] AH01909: RSA certificate configured for ip-172-31-17-11.ap-southeast-1.compute.internal:8443 does NOT include an ID which matches the server name
[Sat Jan 29 22:28:14.559929 2022] [ssl:warn] [pid 14541] AH01909: RSA certificate configured for ip-172-31-17-11.ap-southeast-1.compute.internal:8443 does NOT include an ID which matches the server name
[Sat Jan 29 22:28:14.584005 2022] [ssl:warn] [pid 14541] AH01909: RSA certificate configured for ip-172-31-17-11.ap-southeast-1.compute.internal:8443 does NOT include an ID which matches the server name
[Sat Jan 29 22:57:43.092478 2022] [ssl:warn] [pid 16090] AH01909: RSA certificate configured for ip-172-31-17-11.ap-southeast-1.compute.internal:8443 does NOT include an ID which matches the server name
[Sat Jan 29 22:57:43.116696 2022] [ssl:warn] [pid 16090] AH01909: RSA certificate configured for ip-172-31-17-11.ap-southeast-1.compute.internal:8443 does NOT include an ID which matches the server name
[Sun Jan 30 03:34:01.613364 2022] [ssl:warn] [pid 16090] AH01909: RSA certificate configured for ip-172-31-17-11.ap-southeast-1.compute.internal:8443 does NOT include an ID which matches the server name
[Mon Jan 31 16:58:58.519753 2022] [ssl:warn] [pid 16090] AH01909: RSA certificate configured for ip-172-31-17-11.ap-southeast-1.compute.internal:8443 does NOT include an ID which matches the server name
[Mon Jan 31 16:59:15.950044 2022] [ssl:warn] [pid 16090] AH01909: RSA certificate configured for ip-172-31-17-11.ap-southeast-1.compute.internal:8443 does NOT include an ID which matches the server name
[Mon Jan 31 16:59:47.175590 2022] [ssl:warn] [pid 16090] AH01909: RSA certificate configured for ip-172-31-17-11.ap-southeast-1.compute.internal:8443 does NOT include an ID which matches the server name
[Mon Jan 31 17:00:03.131168 2022] [ssl:warn] [pid 16090] AH01909: RSA certificate configured for ip-172-31-17-11.ap-southeast-1.compute.internal:8443 does NOT include an ID which matches the server name
[Sun Feb 06 03:18:01.876626 2022] [ssl:warn] [pid 16090] AH01909: RSA certificate configured for ip-172-31-17-11.ap-southeast-1.compute.internal:8443 does NOT include an ID which matches the server name
[Sun Feb 13 03:50:02.029365 2022] [ssl:warn] [pid 16090] AH01909: RSA certificate configured for ip-172-31-17-11.ap-southeast-1.compute.internal:8443 does NOT include an ID which matches the server name
[Sun Feb 20 03:50:01.570923 2022] [ssl:warn] [pid 16090] AH01909: RSA certificate configured for ip-172-31-17-11.ap-southeast-1.compute.internal:8443 does NOT include an ID which matches the server name
[Sun Feb 27 03:25:01.394046 2022] [ssl:warn] [pid 16090] AH01909: RSA certificate configured for ip-172-31-17-11.ap-southeast-1.compute.internal:8443 does NOT include an ID which matches the server name
[Sat Mar 05 10:58:25.706893 2022] [ssl:warn] [pid 7983] AH01909: RSA certificate configured for ip-172-31-17-11.ap-southeast-1.compute.internal:8443 does NOT include an ID which matches the server name
[Sat Mar 05 10:58:25.731225 2022] [ssl:warn] [pid 7983] AH01909: RSA certificate configured for ip-172-31-17-11.ap-southeast-1.compute.internal:8443 does NOT include an ID which matches the server name
[Sat Mar 05 11:06:03.313191 2022] [ssl:warn] [pid 8534] AH01909: RSA certificate configured for ip-172-31-17-11.ap-southeast-1.compute.internal:8443 does NOT include an ID which matches the server name
[Sat Mar 05 11:06:03.337114 2022] [ssl:warn] [pid 8534] AH01909: RSA certificate configured for ip-172-31-17-11.ap-southeast-1.compute.internal:8443 does NOT include an ID which matches the server name
[Sun Mar 06 03:09:01.524136 2022] [ssl:warn] [pid 8534] AH01909: RSA certificate configured for ip-172-31-17-11.ap-southeast-1.compute.internal:8443 does NOT include an ID which matches the server name
[Sun Mar 13 03:46:01.243104 2022] [ssl:warn] [pid 8534] AH01909: RSA certificate configured for ip-172-31-17-11.ap-southeast-1.compute.internal:8443 does NOT include an ID which matches the server name
[Sun Mar 20 03:30:01.545544 2022] [ssl:warn] [pid 8534] AH01909: RSA certificate configured for ip-172-31-17-11.ap-southeast-1.compute.internal:8443 does NOT include an ID which matches the server name
[Sun Mar 27 03:13:01.420244 2022] [ssl:warn] [pid 8534] AH01909: RSA certificate configured for ip-172-31-17-11.ap-southeast-1.compute.internal:8443 does NOT include an ID which matches the server name
[Sun Apr 03 03:33:01.998464 2022] [ssl:warn] [pid 8534] AH01909: RSA certificate configured for ip-172-31-17-11.ap-southeast-1.compute.internal:8443 does NOT include an ID which matches the server name
[Sun Apr 10 03:47:01.696856 2022] [ssl:warn] [pid 8534] AH01909: RSA certificate configured for ip-172-31-17-11.ap-southeast-1.compute.internal:8443 does NOT include an ID which matches the server name
[Sun Apr 17 03:21:01.700068 2022] [ssl:warn] [pid 8534] AH01909: RSA certificate configured for ip-172-31-17-11.ap-southeast-1.compute.internal:8443 does NOT include an ID which matches the server name
[Sun Apr 24 03:36:02.068563 2022] [ssl:warn] [pid 8534] AH01909: RSA certificate configured for ip-172-31-17-11.ap-southeast-1.compute.internal:8443 does NOT include an ID which matches the server name
[Sun May 01 03:13:01.370215 2022] [ssl:warn] [pid 8534] AH01909: RSA certificate configured for ip-172-31-17-11.ap-southeast-1.compute.internal:8443 does NOT include an ID which matches the server name
[Sun May 08 03:38:01.299993 2022] [ssl:warn] [pid 8534] AH01909: RSA certificate configured for ip-172-31-17-11.ap-southeast-1.compute.internal:8443 does NOT include an ID which matches the server name
[Sun May 15 03:09:02.029440 2022] [ssl:warn] [pid 8534] AH01909: RSA certificate configured for ip-172-31-17-11.ap-southeast-1.compute.internal:8443 does NOT include an ID which matches the server name
[Sun May 22 03:43:02.057450 2022] [ssl:warn] [pid 8534] AH01909: RSA certificate configured for ip-172-31-17-11.ap-southeast-1.compute.internal:8443 does NOT include an ID which matches the server name
[Sun May 29 03:14:01.828060 2022] [ssl:warn] [pid 8534] AH01909: RSA certificate configured for ip-172-31-17-11.ap-southeast-1.compute.internal:8443 does NOT include an ID which matches the server name
[Mon May 30 13:14:30.192710 2022] [ssl:warn] [pid 12640] AH01909: RSA certificate configured for ip-172-31-17-11.ap-southeast-1.compute.internal:8443 does NOT include an ID which matches the server name
[Mon May 30 13:14:30.217338 2022] [ssl:warn] [pid 12640] AH01909: RSA certificate configured for ip-172-31-17-11.ap-southeast-1.compute.internal:8443 does NOT include an ID which matches the server name
[Mon May 30 13:17:22.984913 2022] [ssl:warn] [pid 12842] AH01909: RSA certificate configured for ip-172-31-17-11.ap-southeast-1.compute.internal:8443 does NOT include an ID which matches the server name
[Mon May 30 13:17:23.009876 2022] [ssl:warn] [pid 12842] AH01909: RSA certificate configured for ip-172-31-17-11.ap-southeast-1.compute.internal:8443 does NOT include an ID which matches the server name
[Sun Jun 05 03:32:02.214240 2022] [ssl:warn] [pid 12842] AH01909: RSA certificate configured for ip-172-31-17-11.ap-southeast-1.compute.internal:8443 does NOT include an ID which matches the server name
[Sun Jun 12 03:23:02.065225 2022] [ssl:warn] [pid 12842] AH01909: RSA certificate configured for ip-172-31-17-11.ap-southeast-1.compute.internal:8443 does NOT include an ID which matches the server name
[Sun Jun 19 03:08:01.416678 2022] [ssl:warn] [pid 12842] AH01909: RSA certificate configured for ip-172-31-17-11.ap-southeast-1.compute.internal:8443 does NOT include an ID which matches the server name
[Sun Jun 26 03:07:02.178656 2022] [ssl:warn] [pid 12842] AH01909: RSA certificate configured for ip-172-31-17-11.ap-southeast-1.compute.internal:8443 does NOT include an ID which matches the server name
[Sun Jul 03 03:19:01.829870 2022] [ssl:warn] [pid 12842] AH01909: RSA certificate configured for ip-172-31-17-11.ap-southeast-1.compute.internal:8443 does NOT include an ID which matches the server name
[Sun Jul 10 03:29:01.643454 2022] [ssl:warn] [pid 12842] AH01909: RSA certificate configured for ip-172-31-17-11.ap-southeast-1.compute.internal:8443 does NOT include an ID which matches the server name
[Sun Jul 17 03:25:01.379728 2022] [ssl:warn] [pid 12842] AH01909: RSA certificate configured for ip-172-31-17-11.ap-southeast-1.compute.internal:8443 does NOT include an ID which matches the server name
[Sun Jul 24 03:23:01.417454 2022] [ssl:warn] [pid 12842] AH01909: RSA certificate configured for ip-172-31-17-11.ap-southeast-1.compute.internal:8443 does NOT include an ID which matches the server name
[Sun Jul 31 03:14:01.581587 2022] [ssl:warn] [pid 12842] AH01909: RSA certificate configured for ip-172-31-17-11.ap-southeast-1.compute.internal:8443 does NOT include an ID which matches the server name
[Sun Aug 07 03:09:01.947562 2022] [ssl:warn] [pid 12842] AH01909: RSA certificate configured for ip-172-31-17-11.ap-southeast-1.compute.internal:8443 does NOT include an ID which matches the server name
[Sun Aug 14 03:13:01.291713 2022] [ssl:warn] [pid 12842] AH01909: RSA certificate configured for ip-172-31-17-11.ap-southeast-1.compute.internal:8443 does NOT include an ID which matches the server name
[Sun Aug 21 03:23:01.533071 2022] [ssl:warn] [pid 12842] AH01909: RSA certificate configured for ip-172-31-17-11.ap-southeast-1.compute.internal:8443 does NOT include an ID which matches the server name
[Sun Aug 21 13:07:19.738719 2022] [ssl:warn] [pid 30108] AH01909: RSA certificate configured for ip-172-31-17-11.ap-southeast-1.compute.internal:8443 does NOT include an ID which matches the server name
[Sun Aug 21 13:07:19.764277 2022] [ssl:warn] [pid 30108] AH01909: RSA certificate configured for ip-172-31-17-11.ap-southeast-1.compute.internal:8443 does NOT include an ID which matches the server name
[Sun Aug 21 13:08:01.514865 2022] [ssl:warn] [pid 30232] AH01909: RSA certificate configured for ip-172-31-17-11.ap-southeast-1.compute.internal:8443 does NOT include an ID which matches the server name
[Sun Aug 21 13:08:01.562026 2022] [ssl:warn] [pid 30232] AH01909: RSA certificate configured for ip-172-31-17-11.ap-southeast-1.compute.internal:8443 does NOT include an ID which matches the server name
[Sun Aug 21 13:40:13.718494 2022] [ssl:warn] [pid 31966] AH01909: RSA certificate configured for ip-172-31-17-11.ap-southeast-1.compute.internal:8443 does NOT include an ID which matches the server name
[Sun Aug 21 13:40:13.743362 2022] [ssl:warn] [pid 31966] AH01909: RSA certificate configured for ip-172-31-17-11.ap-southeast-1.compute.internal:8443 does NOT include an ID which matches the server name
[Sun Aug 28 03:42:01.706144 2022] [ssl:warn] [pid 31966] AH01909: RSA certificate configured for ip-172-31-17-11.ap-southeast-1.compute.internal:8443 does NOT include an ID which matches the server name
[Sun Sep 04 03:30:01.306862 2022] [ssl:warn] [pid 31966] AH01909: RSA certificate configured for ip-172-31-17-11.ap-southeast-1.compute.internal:8443 does NOT include an ID which matches the server name
[Sun Sep 11 03:34:01.341175 2022] [ssl:warn] [pid 31966] AH01909: RSA certificate configured for ip-172-31-17-11.ap-southeast-1.compute.internal:8443 does NOT include an ID which matches the server name
[Sun Sep 18 03:06:01.496423 2022] [ssl:warn] [pid 31966] AH01909: RSA certificate configured for ip-172-31-17-11.ap-southeast-1.compute.internal:8443 does NOT include an ID which matches the server name
[Sun Sep 25 03:40:01.666102 2022] [ssl:warn] [pid 31966] AH01909: RSA certificate configured for ip-172-31-17-11.ap-southeast-1.compute.internal:8443 does NOT include an ID which matches the server name
[Sun Oct 02 03:27:01.845876 2022] [ssl:warn] [pid 31966] AH01909: RSA certificate configured for ip-172-31-17-11.ap-southeast-1.compute.internal:8443 does NOT include an ID which matches the server name
[Sun Oct 09 03:06:01.984895 2022] [ssl:warn] [pid 31966] AH01909: RSA certificate configured for ip-172-31-17-11.ap-southeast-1.compute.internal:8443 does NOT include an ID which matches the server name
[Sun Oct 16 03:27:01.280979 2022] [ssl:warn] [pid 31966] AH01909: RSA certificate configured for ip-172-31-17-11.ap-southeast-1.compute.internal:8443 does NOT include an ID which matches the server name
[Sun Oct 23 03:50:01.871069 2022] [ssl:warn] [pid 31966] AH01909: RSA certificate configured for ip-172-31-17-11.ap-southeast-1.compute.internal:8443 does NOT include an ID which matches the server name
[Sun Oct 30 03:23:02.018772 2022] [ssl:warn] [pid 31966] AH01909: RSA certificate configured for ip-172-31-17-11.ap-southeast-1.compute.internal:8443 does NOT include an ID which matches the server name
[Sun Nov 06 03:13:01.740050 2022] [ssl:warn] [pid 31966] AH01909: RSA certificate configured for ip-172-31-17-11.ap-southeast-1.compute.internal:8443 does NOT include an ID which matches the server name
[Sun Nov 13 03:13:01.609614 2022] [ssl:warn] [pid 31966] AH01909: RSA certificate configured for ip-172-31-17-11.ap-southeast-1.compute.internal:8443 does NOT include an ID which matches the server name
[Sun Nov 20 03:11:01.744277 2022] [ssl:warn] [pid 31966] AH01909: RSA certificate configured for ip-172-31-17-11.ap-southeast-1.compute.internal:8443 does NOT include an ID which matches the server name
[Sun Nov 27 03:16:01.658071 2022] [ssl:warn] [pid 31966] AH01909: RSA certificate configured for ip-172-31-17-11.ap-southeast-1.compute.internal:8443 does NOT include an ID which matches the server name
[Sun Dec 04 03:15:01.538301 2022] [ssl:warn] [pid 31966] AH01909: RSA certificate configured for ip-172-31-17-11.ap-southeast-1.compute.internal:8443 does NOT include an ID which matches the server name
[Sun Dec 11 03:07:01.302813 2022] [ssl:warn] [pid 31966] AH01909: RSA certificate configured for ip-172-31-17-11.ap-southeast-1.compute.internal:8443 does NOT include an ID which matches the server name
[Sun Dec 18 03:18:01.739175 2022] [ssl:warn] [pid 31966] AH01909: RSA certificate configured for ip-172-31-17-11.ap-southeast-1.compute.internal:8443 does NOT include an ID which matches the server name
[Sun Dec 25 03:30:01.581850 2022] [ssl:warn] [pid 31966] AH01909: RSA certificate configured for ip-172-31-17-11.ap-southeast-1.compute.internal:8443 does NOT include an ID which matches the server name
[Sun Jan 01 03:20:02.088384 2023] [ssl:warn] [pid 31966] AH01909: RSA certificate configured for ip-172-31-17-11.ap-southeast-1.compute.internal:8443 does NOT include an ID which matches the server name
[Sun Jan 08 03:13:01.750979 2023] [ssl:warn] [pid 31966] AH01909: RSA certificate configured for ip-172-31-17-11.ap-southeast-1.compute.internal:8443 does NOT include an ID which matches the server name
[Sun Jan 15 03:45:01.505772 2023] [ssl:warn] [pid 31966] AH01909: RSA certificate configured for ip-172-31-17-11.ap-southeast-1.compute.internal:8443 does NOT include an ID which matches the server name
[Sun Jan 22 03:24:01.920381 2023] [ssl:warn] [pid 31966] AH01909: RSA certificate configured for ip-172-31-17-11.ap-southeast-1.compute.internal:8443 does NOT include an ID which matches the server name
[Sun Jan 29 03:28:01.538016 2023] [ssl:warn] [pid 31966] AH01909: RSA certificate configured for ip-172-31-17-11.ap-southeast-1.compute.internal:8443 does NOT include an ID which matches the server name
[Sun Feb 05 03:28:01.528283 2023] [ssl:warn] [pid 31966] AH01909: RSA certificate configured for ip-172-31-17-11.ap-southeast-1.compute.internal:8443 does NOT include an ID which matches the server name
[Sun Feb 12 03:13:01.957047 2023] [ssl:warn] [pid 31966] AH01909: RSA certificate configured for ip-172-31-17-11.ap-southeast-1.compute.internal:8443 does NOT include an ID which matches the server name
[Sun Feb 19 03:16:01.366046 2023] [ssl:warn] [pid 31966] AH01909: RSA certificate configured for ip-172-31-17-11.ap-southeast-1.compute.internal:8443 does NOT include an ID which matches the server name
[Sun Feb 26 03:41:02.178073 2023] [ssl:warn] [pid 31966] AH01909: RSA certificate configured for ip-172-31-17-11.ap-southeast-1.compute.internal:8443 does NOT include an ID which matches the server name
[Sun Mar 05 03:45:02.110190 2023] [ssl:warn] [pid 31966] AH01909: RSA certificate configured for ip-172-31-17-11.ap-southeast-1.compute.internal:8443 does NOT include an ID which matches the server name
[Sun Mar 12 03:28:01.976683 2023] [ssl:warn] [pid 31966] AH01909: RSA certificate configured for ip-172-31-17-11.ap-southeast-1.compute.internal:8443 does NOT include an ID which matches the server name
[Sun Mar 19 03:12:01.809257 2023] [ssl:warn] [pid 31966] AH01909: RSA certificate configured for ip-172-31-17-11.ap-southeast-1.compute.internal:8443 does NOT include an ID which matches the server name
[Sun Mar 26 03:44:01.283062 2023] [ssl:warn] [pid 31966] AH01909: RSA certificate configured for ip-172-31-17-11.ap-southeast-1.compute.internal:8443 does NOT include an ID which matches the server name
[Sun Apr 02 03:47:02.035222 2023] [ssl:warn] [pid 31966] AH01909: RSA certificate configured for ip-172-31-17-11.ap-southeast-1.compute.internal:8443 does NOT include an ID which matches the server name
[Sun Apr 09 03:39:01.285447 2023] [ssl:warn] [pid 31966] AH01909: RSA certificate configured for ip-172-31-17-11.ap-southeast-1.compute.internal:8443 does NOT include an ID which matches the server name
[Sun Apr 16 03:37:01.494489 2023] [ssl:warn] [pid 31966] AH01909: RSA certificate configured for ip-172-31-17-11.ap-southeast-1.compute.internal:8443 does NOT include an ID which matches the server name
[Sun Apr 23 03:36:01.527758 2023] [ssl:warn] [pid 31966] AH01909: RSA certificate configured for ip-172-31-17-11.ap-southeast-1.compute.internal:8443 does NOT include an ID which matches the server name
[Sun Apr 30 03:23:02.194637 2023] [ssl:warn] [pid 31966] AH01909: RSA certificate configured for ip-172-31-17-11.ap-southeast-1.compute.internal:8443 does NOT include an ID which matches the server name
[Sun May 07 03:16:01.286845 2023] [ssl:warn] [pid 31966] AH01909: RSA certificate configured for ip-172-31-17-11.ap-southeast-1.compute.internal:8443 does NOT include an ID which matches the server name
[Wed May 10 17:14:13.222060 2023] [ssl:warn] [pid 31966] AH01909: RSA certificate configured for ip-172-31-17-11.ap-southeast-1.compute.internal:8443 does NOT include an ID which matches the server name
[Wed May 10 17:16:32.418687 2023] [ssl:warn] [pid 25847] AH01909: RSA certificate configured for ip-172-31-17-11.ap-southeast-1.compute.internal:8443 does NOT include an ID which matches the server name
[Wed May 10 17:16:32.444380 2023] [ssl:warn] [pid 25847] AH01909: RSA certificate configured for ip-172-31-17-11.ap-southeast-1.compute.internal:8443 does NOT include an ID which matches the server name
[Sun May 14 03:32:01.747162 2023] [ssl:warn] [pid 25847] AH01909: RSA certificate configured for ip-172-31-17-11.ap-southeast-1.compute.internal:8443 does NOT include an ID which matches the server name
[Sun May 21 03:35:01.821780 2023] [ssl:warn] [pid 25847] AH01909: RSA certificate configured for ip-172-31-17-11.ap-southeast-1.compute.internal:8443 does NOT include an ID which matches the server name
[Sun May 28 03:46:01.610398 2023] [ssl:warn] [pid 25847] AH01909: RSA certificate configured for ip-172-31-17-11.ap-southeast-1.compute.internal:8443 does NOT include an ID which matches the server name
[Sun Jun 04 03:18:02.037202 2023] [ssl:warn] [pid 25847] AH01909: RSA certificate configured for ip-172-31-17-11.ap-southeast-1.compute.internal:8443 does NOT include an ID which matches the server name
[Sun Jun 11 03:17:01.350027 2023] [ssl:warn] [pid 25847] AH01909: RSA certificate configured for ip-172-31-17-11.ap-southeast-1.compute.internal:8443 does NOT include an ID which matches the server name
